This is pdfTeX, Version 3.1415926-2.4-1.40.13 (MiKTeX 2.9 64-bit) (preloaded format=pdflatex 2013.2.10)  17 MAR 2013 22:49
entering extended mode
**DocumentacionProduccionCorregido[Miguel].tex

("C:\Users\Miguel\ESCOM\6to Semestre\Ingenieria de Software\DocumentacionCU10y1
1\CU10y11\Corregido\DocumentacionProduccionCorregido[Miguel].tex"
LaTeX2e <2011/06/27>
Babel <v3.8m> and hyphenation patterns for english, afrikaans, ancientgreek, ar
abic, armenian, assamese, basque, bengali, bokmal, bulgarian, catalan, coptic, 
croatian, czech, danish, dutch, esperanto, estonian, farsi, finnish, french, ga
lician, german, german-x-2012-05-30, greek, gujarati, hindi, hungarian, iceland
ic, indonesian, interlingua, irish, italian, kannada, kurmanji, latin, latvian,
 lithuanian, malayalam, marathi, mongolian, mongolianlmc, monogreek, ngerman, n
german-x-2012-05-30, nynorsk, oriya, panjabi, pinyin, polish, portuguese, roman
ian, russian, sanskrit, serbian, slovak, slovenian, spanish, swedish, swissgerm
an, tamil, telugu, turkish, turkmen, ukenglish, ukrainian, uppersorbian, usengl
ishmax, welsh, loaded.
("C:\Program Files\MiKTeX 2.9\tex\latex\base\article.cls"
Document Class: article 2007/10/19 v1.4h Standard LaTeX document class
("C:\Program Files\MiKTeX 2.9\tex\latex\base\size10.clo"
File: size10.clo 2007/10/19 v1.4h Standard LaTeX file (size option)
)
\c@part=\count79
\c@section=\count80
\c@subsection=\count81
\c@subsubsection=\count82
\c@paragraph=\count83
\c@subparagraph=\count84
\c@figure=\count85
\c@table=\count86
\abovecaptionskip=\skip41
\belowcaptionskip=\skip42
\bibindent=\dimen102
)
("C:\Program Files\MiKTeX 2.9\tex\latex\base\inputenc.sty"
Package: inputenc 2008/03/30 v1.1d Input encoding file
\inpenc@prehook=\toks14
\inpenc@posthook=\toks15

(C:\Users\Miguel\AppData\Roaming\MiKTeX\2.9\tex\latex\ucs\utf8x.def
File: utf8x.def 2004/10/17 UCS: Input encoding UTF-8
))
(C:\Users\Miguel\AppData\Roaming\MiKTeX\2.9\tex\latex\ucs\ucs.sty
Package: ucs 2004/10/17 UCS: Unicode input support

(C:\Users\Miguel\AppData\Roaming\MiKTeX\2.9\tex\latex\ucs\uni-global.def
File: uni-global.def 2012/08/28 UCS: Unicode global data
)
\uc@secondtry=\count87
\uc@combtoks=\toks16
\uc@combtoksb=\toks17
\uc@temptokena=\toks18
)
("C:\Program Files\MiKTeX 2.9\tex\latex\geometry\geometry.sty"
Package: geometry 2010/09/12 v5.6 Page Geometry

("C:\Program Files\MiKTeX 2.9\tex\latex\graphics\keyval.sty"
Package: keyval 1999/03/16 v1.13 key=value parser (DPC)
\KV@toks@=\toks19
)
("C:\Program Files\MiKTeX 2.9\tex\generic\oberdiek\ifpdf.sty"
Package: ifpdf 2011/01/30 v2.3 Provides the ifpdf switch (HO)
Package ifpdf Info: pdfTeX in PDF mode is detected.
)
("C:\Program Files\MiKTeX 2.9\tex\generic\oberdiek\ifvtex.sty"
Package: ifvtex 2010/03/01 v1.5 Detect VTeX and its facilities (HO)
Package ifvtex Info: VTeX not detected.
)
("C:\Program Files\MiKTeX 2.9\tex\generic\ifxetex\ifxetex.sty"
Package: ifxetex 2010/09/12 v0.6 Provides ifxetex conditional
)
\Gm@cnth=\count88
\Gm@cntv=\count89
\c@Gm@tempcnt=\count90
\Gm@bindingoffset=\dimen103
\Gm@wd@mp=\dimen104
\Gm@odd@mp=\dimen105
\Gm@even@mp=\dimen106
\Gm@layoutwidth=\dimen107
\Gm@layoutheight=\dimen108
\Gm@layouthoffset=\dimen109
\Gm@layoutvoffset=\dimen110
\Gm@dimlist=\toks20

("C:\Program Files\MiKTeX 2.9\tex\latex\geometry\geometry.cfg"))
("C:\Program Files\MiKTeX 2.9\tex\latex\ams\math\amsmath.sty"
Package: amsmath 2000/07/18 v2.13 AMS math features
\@mathmargin=\skip43

For additional information on amsmath, use the `?' option.
("C:\Program Files\MiKTeX 2.9\tex\latex\ams\math\amstext.sty"
Package: amstext 2000/06/29 v2.01

("C:\Program Files\MiKTeX 2.9\tex\latex\ams\math\amsgen.sty"
File: amsgen.sty 1999/11/30 v2.0
\@emptytoks=\toks21
\ex@=\dimen111
))
("C:\Program Files\MiKTeX 2.9\tex\latex\ams\math\amsbsy.sty"
Package: amsbsy 1999/11/29 v1.2d
\pmbraise@=\dimen112
)
("C:\Program Files\MiKTeX 2.9\tex\latex\ams\math\amsopn.sty"
Package: amsopn 1999/12/14 v2.01 operator names
)
\inf@bad=\count91
LaTeX Info: Redefining \frac on input line 211.
\uproot@=\count92
\leftroot@=\count93
LaTeX Info: Redefining \overline on input line 307.
\classnum@=\count94
\DOTSCASE@=\count95
LaTeX Info: Redefining \ldots on input line 379.
LaTeX Info: Redefining \dots on input line 382.
LaTeX Info: Redefining \cdots on input line 467.
\Mathstrutbox@=\box26
\strutbox@=\box27
\big@size=\dimen113
LaTeX Font Info:    Redeclaring font encoding OML on input line 567.
LaTeX Font Info:    Redeclaring font encoding OMS on input line 568.
\macc@depth=\count96
\c@MaxMatrixCols=\count97
\dotsspace@=\muskip10
\c@parentequation=\count98
\dspbrk@lvl=\count99
\tag@help=\toks22
\row@=\count100
\column@=\count101
\maxfields@=\count102
\andhelp@=\toks23
\eqnshift@=\dimen114
\alignsep@=\dimen115
\tagshift@=\dimen116
\tagwidth@=\dimen117
\totwidth@=\dimen118
\lineht@=\dimen119
\@envbody=\toks24
\multlinegap=\skip44
\multlinetaggap=\skip45
\mathdisplay@stack=\toks25
LaTeX Info: Redefining \[ on input line 2666.
LaTeX Info: Redefining \] on input line 2667.
)
("C:\Program Files\MiKTeX 2.9\tex\latex\amsfonts\amssymb.sty"
Package: amssymb 2009/06/22 v3.00

("C:\Program Files\MiKTeX 2.9\tex\latex\amsfonts\amsfonts.sty"
Package: amsfonts 2009/06/22 v3.00 Basic AMSFonts support
\symAMSa=\mathgroup4
\symAMSb=\mathgroup5
LaTeX Font Info:    Overwriting math alphabet `\mathfrak' in version `bold'
(Font)                  U/euf/m/n --> U/euf/b/n on input line 96.
))
("C:\Program Files\MiKTeX 2.9\tex\latex\graphics\graphicx.sty"
Package: graphicx 1999/02/16 v1.0f Enhanced LaTeX Graphics (DPC,SPQR)

("C:\Program Files\MiKTeX 2.9\tex\latex\graphics\graphics.sty"
Package: graphics 2009/02/05 v1.0o Standard LaTeX Graphics (DPC,SPQR)

("C:\Program Files\MiKTeX 2.9\tex\latex\graphics\trig.sty"
Package: trig 1999/03/16 v1.09 sin cos tan (DPC)
)
("C:\Program Files\MiKTeX 2.9\tex\latex\00miktex\graphics.cfg"
File: graphics.cfg 2007/01/18 v1.5 graphics configuration of teTeX/TeXLive
)
Package graphics Info: Driver file: pdftex.def on input line 91.

("C:\Program Files\MiKTeX 2.9\tex\latex\pdftex-def\pdftex.def"
File: pdftex.def 2011/05/27 v0.06d Graphics/color for pdfTeX

("C:\Program Files\MiKTeX 2.9\tex\generic\oberdiek\infwarerr.sty"
Package: infwarerr 2010/04/08 v1.3 Providing info/warning/error messages (HO)
)
("C:\Program Files\MiKTeX 2.9\tex\generic\oberdiek\ltxcmds.sty"
Package: ltxcmds 2011/11/09 v1.22 LaTeX kernel commands for general use (HO)
)
\Gread@gobject=\count103
))
\Gin@req@height=\dimen120
\Gin@req@width=\dimen121
)
("C:\Program Files\MiKTeX 2.9\tex\generic\babel\babel.sty"
Package: babel 2008/07/08 v3.8m The Babel package

*************************************
* Local config file bblopts.cfg used
*
("C:\Program Files\MiKTeX 2.9\tex\latex\00miktex\bblopts.cfg"
File: bblopts.cfg 2006/07/31 v1.0 MiKTeX 'babel' configuration
)
("C:\Program Files\MiKTeX 2.9\tex\generic\babel\spanish.ldf"
Language: spanish.ldf 2009/01/02 v5.0h Spanish support from the babel system

("C:\Program Files\MiKTeX 2.9\tex\generic\babel\babel.def"
File: babel.def 2008/07/08 v3.8m Babel common definitions
\babel@savecnt=\count104
\U@D=\dimen122
)
\es@datefmt=\count105
\es@quottoks=\toks26
\es@quotdepth=\count106
Package babel Info: Making " an active character on input line 492.
Package babel Info: Making . an active character on input line 585.
Package babel Info: Making < an active character on input line 630.
Package babel Info: Making > an active character on input line 630.
))
(C:\Users\Miguel\AppData\Roaming\MiKTeX\2.9\tex\latex\colortbl\colortbl.sty
Package: colortbl 2012/02/13 v1.0a Color table columns (DPC)

("C:\Program Files\MiKTeX 2.9\tex\latex\tools\array.sty"
Package: array 2008/09/09 v2.4c Tabular extension package (FMi)
\col@sep=\dimen123
\extrarowheight=\dimen124
\NC@list=\toks27
\extratabsurround=\skip46
\backup@length=\skip47
)
("C:\Program Files\MiKTeX 2.9\tex\latex\graphics\color.sty"
Package: color 2005/11/14 v1.0j Standard LaTeX Color (DPC)

("C:\Program Files\MiKTeX 2.9\tex\latex\00miktex\color.cfg"
File: color.cfg 2007/01/18 v1.5 color configuration of teTeX/TeXLive
)
Package color Info: Driver file: pdftex.def on input line 130.
)
\everycr=\toks28
\minrowclearance=\skip48
)
("C:\Users\Miguel\ESCOM\6to Semestre\Ingenieria de Software\DocumentacionCU10y1
1\CU10y11\Corregido\DocumentacionProduccionCorregido[Miguel].aux"

LaTeX Warning: Label `tab:CasosdeUso:nombredecasodeuso' multiply defined.


LaTeX Warning: Label `tab:CasosdeUso:nombredecasodeuso' multiply defined.


LaTeX Warning: Label `tab:CasosdeUso:nombredecasodeuso' multiply defined.


LaTeX Warning: Label `tab:CasosdeUso:nombredecasodeuso' multiply defined.


LaTeX Warning: Label `tab:CasosdeUso:nombredecasodeuso' multiply defined.


LaTeX Warning: Label `tab:CasosdeUso:nombredecasodeuso' multiply defined.

)
LaTeX Font Info:    Checking defaults for OML/cmm/m/it on input line 25.
LaTeX Font Info:    ... okay on input line 25.
LaTeX Font Info:    Checking defaults for T1/cmr/m/n on input line 25.
LaTeX Font Info:    ... okay on input line 25.
LaTeX Font Info:    Checking defaults for OT1/cmr/m/n on input line 25.
LaTeX Font Info:    ... okay on input line 25.
LaTeX Font Info:    Checking defaults for OMS/cmsy/m/n on input line 25.
LaTeX Font Info:    ... okay on input line 25.
LaTeX Font Info:    Checking defaults for OMX/cmex/m/n on input line 25.
LaTeX Font Info:    ... okay on input line 25.
LaTeX Font Info:    Checking defaults for U/cmr/m/n on input line 25.
LaTeX Font Info:    ... okay on input line 25.
 (C:\Users\Miguel\AppData\Roaming\MiKTeX\2.9\tex\latex\ucs\ucsencs.def
File: ucsencs.def 2011/01/21 Fixes to fontencodings LGR, T3
)
*geometry* driver: auto-detecting
*geometry* detected driver: pdftex
*geometry* verbose mode - [ preamble ] result:
* driver: pdftex
* paper: letterpaper
* layout: <same size as paper>
* layoutoffset:(h,v)=(0.0pt,0.0pt)
* modes: 
* h-part:(L,W,R)=(92.14519pt, 430.00462pt, 92.14519pt)
* v-part:(T,H,B)=(95.39737pt, 556.47656pt, 143.09605pt)
* \paperwidth=614.295pt
* \paperheight=794.96999pt
* \textwidth=430.00462pt
* \textheight=556.47656pt
* \oddsidemargin=19.8752pt
* \evensidemargin=19.8752pt
* \topmargin=-13.87262pt
* \headheight=12.0pt
* \headsep=25.0pt
* \topskip=10.0pt
* \footskip=30.0pt
* \marginparwidth=65.0pt
* \marginparsep=11.0pt
* \columnsep=10.0pt
* \skip\footins=9.0pt plus 4.0pt minus 2.0pt
* \hoffset=0.0pt
* \voffset=0.0pt
* \mag=1000
* \@twocolumnfalse
* \@twosidefalse
* \@mparswitchfalse
* \@reversemarginfalse
* (1in=72.27pt=25.4mm, 1cm=28.453pt)

(C:\Users\Miguel\AppData\Roaming\MiKTeX\2.9\tex\context\base\supp-pdf.mkii
[Loading MPS to PDF converter (version 2006.09.02).]
\scratchcounter=\count107
\scratchdimen=\dimen125
\scratchbox=\box28
\nofMPsegments=\count108
\nofMParguments=\count109
\everyMPshowfont=\toks29
\MPscratchCnt=\count110
\MPscratchDim=\dimen126
\MPnumerator=\count111
\makeMPintoPDFobject=\count112
\everyMPtoPDFconversion=\toks30
) (C:\Users\Miguel\AppData\Roaming\MiKTeX\2.9\tex\latex\ucs\uni-0.def
File: uni-0.def 2012/08/28 UCS: Unicode data U+0000..U+00FF
)
Underfull \hbox (badness 10000) in paragraph at lines 31--33

 []

LaTeX Font Info:    Try loading font information for U+msa on input line 40.
("C:\Program Files\MiKTeX 2.9\tex\latex\amsfonts\umsa.fd"
File: umsa.fd 2009/06/22 v3.00 AMS symbols A
)
LaTeX Font Info:    Try loading font information for U+msb on input line 40.

("C:\Program Files\MiKTeX 2.9\tex\latex\amsfonts\umsb.fd"
File: umsb.fd 2009/06/22 v3.00 AMS symbols B
)
Overfull \hbox (7.73965pt too wide) in paragraph at lines 40--74
 [][] 
 []

<actor.png, id=1, 12.7978pt x 18.82031pt>
File: actor.png Graphic file (type png)
 <use actor.png>
Package pdftex.def Info: actor.png used on input line 93.
(pdftex.def)             Requested size: 12.79776pt x 18.82025pt.

<sistema.png, id=2, 27.10126pt x 19.57312pt>
File: sistema.png Graphic file (type png)
 <use sistema.png>
Package pdftex.def Info: sistema.png used on input line 95.
(pdftex.def)             Requested size: 27.10118pt x 19.57306pt.
File: actor.png Graphic file (type png)
 <use actor.png>
Package pdftex.def Info: actor.png used on input line 96.
(pdftex.def)             Requested size: 12.79776pt x 18.82025pt.
File: sistema.png Graphic file (type png)

<use sistema.png>
Package pdftex.def Info: sistema.png used on input line 98.
(pdftex.def)             Requested size: 27.10118pt x 19.57306pt.
File: sistema.png Graphic file (type png)
 <use sistema.png>
Package pdftex.def Info: sistema.png used on input line 100.
(pdftex.def)             Requested size: 27.10118pt x 19.57306pt.

Overfull \hbox (5.0972pt too wide) in paragraph at lines 91--103
[][] 
 []

[1

{C:/Users/Miguel/AppData/Local/MiKTeX/2.9/pdftex/config/pdftex.map} <C:/Users/M
iguel/ESCOM/6to Semestre/Ingenieria de Software/DocumentacionCU10y11/CU10y11/Co
rregido/actor.png> <C:/Users/Miguel/ESCOM/6to Semestre/Ingenieria de Software/D
ocumentacionCU10y11/CU10y11/Corregido/sistema.png>]
File: sistema.png Graphic file (type png)
 <use sistema.png>
Package pdftex.def Info: sistema.png used on input line 108.
(pdftex.def)             Requested size: 27.10118pt x 19.57306pt.
File: sistema.png Graphic file (type png)

<use sistema.png>
Package pdftex.def Info: sistema.png used on input line 117.
(pdftex.def)             Requested size: 27.10118pt x 19.57306pt.
File: sistema.png Graphic file (type png)
 <use sistema.png>
Package pdftex.def Info: sistema.png used on input line 119.
(pdftex.def)             Requested size: 27.10118pt x 19.57306pt.

Overfull \hbox (9.36115pt too wide) in paragraph at lines 104--122
[] 
 []


Underfull \hbox (badness 10000) in paragraph at lines 104--122

 []

[2]
Underfull \hbox (badness 10000) in paragraph at lines 129--131

 []

(C:\Users\Miguel\AppData\Roaming\MiKTeX\2.9\tex\latex\ucs\uni-32.def
File: uni-32.def 2012/08/28 UCS: Unicode data U+2000..U+20FF
)
LaTeX Font Info:    Try loading font information for OMS+cmr on input line 152.


("C:\Program Files\MiKTeX 2.9\tex\latex\base\omscmr.fd"
File: omscmr.fd 1999/05/25 v2.5h Standard LaTeX font definitions
)
LaTeX Font Info:    Font shape `OMS/cmr/m/n' in size <10> not available
(Font)              Font shape `OMS/cmsy/m/n' tried instead on input line 152.

Overfull \hbox (7.73965pt too wide) in paragraph at lines 138--178
 [][] 
 []

[3]
File: actor.png Graphic file (type png)
 <use actor.png>
Package pdftex.def Info: actor.png used on input line 196.
(pdftex.def)             Requested size: 12.79776pt x 18.82025pt.
File: sistema.png Graphic file (type png)
 <use sistema.png>
Package pdftex.def Info: sistema.png used on input line 198.
(pdftex.def)             Requested size: 27.10118pt x 19.57306pt.
File: actor.png Graphic file (type png)
 <use actor.png>
Package pdftex.def Info: actor.png used on input line 199.
(pdftex.def)             Requested size: 12.79776pt x 18.82025pt.
File: actor.png Graphic file (type png)
 <use actor.png>
Package pdftex.def Info: actor.png used on input line 202.
(pdftex.def)             Requested size: 12.79776pt x 18.82025pt.
File: sistema.png Graphic file (type png)

<use sistema.png>
Package pdftex.def Info: sistema.png used on input line 203.
(pdftex.def)             Requested size: 27.10118pt x 19.57306pt.
File: sistema.png Graphic file (type png)
 <use sistema.png>
Package pdftex.def Info: sistema.png used on input line 205.
(pdftex.def)             Requested size: 27.10118pt x 19.57306pt.
File: sistema.png Graphic file (type png)
 <use sistema.png>
Package pdftex.def Info: sistema.png used on input line 207.
(pdftex.def)             Requested size: 27.10118pt x 19.57306pt.

Overfull \hbox (15.48605pt too wide) in paragraph at lines 194--211
[][] 
 []

File: actor.png Graphic file (type png)
<use actor.png>
Package pdftex.def Info: actor.png used on input line 216.
(pdftex.def)             Requested size: 12.79776pt x 18.82025pt.
File: sistema.png Graphic file (type png)
 <use sistema.png>
Package pdftex.def Info: sistema.png used on input line 218.
(pdftex.def)             Requested size: 27.10118pt x 19.57306pt.

Overfull \hbox (2.65266pt too wide) in paragraph at lines 212--221
[] 
 []

File: sistema.png Graphic file (type png)
<use sistema.png>
Package pdftex.def Info: sistema.png used on input line 226.
(pdftex.def)             Requested size: 27.10118pt x 19.57306pt.
File: sistema.png Graphic file (type png)
 <use sistema.png>
Package pdftex.def Info: sistema.png used on input line 228.
(pdftex.def)             Requested size: 27.10118pt x 19.57306pt.
File: sistema.png Graphic file (type png)
 <use sistema.png>
Package pdftex.def Info: sistema.png used on input line 236.
(pdftex.def)             Requested size: 27.10118pt x 19.57306pt.
File: sistema.png Graphic file (type png)
 <use sistema.png>
Package pdftex.def Info: sistema.png used on input line 245.
(pdftex.def)             Requested size: 27.10118pt x 19.57306pt.

[4]
File: sistema.png Graphic file (type png)
 <use sistema.png>
Package pdftex.def Info: sistema.png used on input line 254.
(pdftex.def)             Requested size: 27.10118pt x 19.57306pt.
File: sistema.png Graphic file (type png)
 <use sistema.png>
Package pdftex.def Info: sistema.png used on input line 256.
(pdftex.def)             Requested size: 27.10118pt x 19.57306pt.
 [5]
Underfull \hbox (badness 10000) in paragraph at lines 267--269

 []


Overfull \hbox (7.73965pt too wide) in paragraph at lines 272--313
 [][] 
 []

[6]
File: actor.png Graphic file (type png)
 <use actor.png>
Package pdftex.def Info: actor.png used on input line 323.
(pdftex.def)             Requested size: 12.79776pt x 18.82025pt.
File: sistema.png Graphic file (type png)
 <use sistema.png>
Package pdftex.def Info: sistema.png used on input line 325.
(pdftex.def)             Requested size: 27.10118pt x 19.57306pt.
File: actor.png Graphic file (type png)
 <use actor.png>
Package pdftex.def Info: actor.png used on input line 326.
(pdftex.def)             Requested size: 12.79776pt x 18.82025pt.
File: sistema.png Graphic file (type png)
 <use sistema.png>
Package pdftex.def Info: sistema.png used on input line 328.
(pdftex.def)             Requested size: 27.10118pt x 19.57306pt.
File: actor.png Graphic file (type png)

<use actor.png>
Package pdftex.def Info: actor.png used on input line 329.
(pdftex.def)             Requested size: 12.79776pt x 18.82025pt.
File: actor.png Graphic file (type png)
 <use actor.png>
Package pdftex.def Info: actor.png used on input line 330.
(pdftex.def)             Requested size: 12.79776pt x 18.82025pt.
File: sistema.png Graphic file (type png)
 <use sistema.png>
Package pdftex.def Info: sistema.png used on input line 331.
(pdftex.def)             Requested size: 27.10118pt x 19.57306pt.
File: sistema.png Graphic file (type png)
 <use sistema.png>
Package pdftex.def Info: sistema.png used on input line 332.
(pdftex.def)             Requested size: 27.10118pt x 19.57306pt.

Overfull \hbox (21.68047pt too wide) in paragraph at lines 321--336
[][] 
 []

File: actor.png Graphic file (type png)
<use actor.png>
Package pdftex.def Info: actor.png used on input line 341.
(pdftex.def)             Requested size: 12.79776pt x 18.82025pt.
File: sistema.png Graphic file (type png)
 <use sistema.png>
Package pdftex.def Info: sistema.png used on input line 343.
(pdftex.def)             Requested size: 27.10118pt x 19.57306pt.

Overfull \hbox (44.5694pt too wide) in paragraph at lines 337--346
[] 
 []

File: sistema.png Graphic file (type png)
<use sistema.png>
Package pdftex.def Info: sistema.png used on input line 351.
(pdftex.def)             Requested size: 27.10118pt x 19.57306pt.
File: sistema.png Graphic file (type png)
 <use sistema.png>
Package pdftex.def Info: sistema.png used on input line 353.
(pdftex.def)             Requested size: 27.10118pt x 19.57306pt.
File: sistema.png Graphic file (type png)
 <use sistema.png>
Package pdftex.def Info: sistema.png used on input line 361.
(pdftex.def)             Requested size: 27.10118pt x 19.57306pt.
File: sistema.png Graphic file (type png)
 <use sistema.png>
Package pdftex.def Info: sistema.png used on input line 363.
(pdftex.def)             Requested size: 27.10118pt x 19.57306pt.

[7]
File: sistema.png Graphic file (type png)
 <use sistema.png>
Package pdftex.def Info: sistema.png used on input line 371.
(pdftex.def)             Requested size: 27.10118pt x 19.57306pt.
 [8]
Underfull \hbox (badness 10000) in paragraph at lines 383--385

 []


Underfull \hbox (badness 10000) in paragraph at lines 405--405

 []


Overfull \hbox (7.73965pt too wide) in paragraph at lines 388--432
 [][] 
 []

[9]
File: actor.png Graphic file (type png)
 <use actor.png>
Package pdftex.def Info: actor.png used on input line 443.
(pdftex.def)             Requested size: 12.79776pt x 18.82025pt.
File: sistema.png Graphic file (type png)
 <use sistema.png>
Package pdftex.def Info: sistema.png used on input line 445.
(pdftex.def)             Requested size: 27.10118pt x 19.57306pt.
File: actor.png Graphic file (type png)
 <use actor.png>
Package pdftex.def Info: actor.png used on input line 446.
(pdftex.def)             Requested size: 12.79776pt x 18.82025pt.
File: actor.png Graphic file (type png)
 <use actor.png>
Package pdftex.def Info: actor.png used on input line 448.
(pdftex.def)             Requested size: 12.79776pt x 18.82025pt.
File: sistema.png Graphic file (type png)

<use sistema.png>
Package pdftex.def Info: sistema.png used on input line 450.
(pdftex.def)             Requested size: 27.10118pt x 19.57306pt.
File: actor.png Graphic file (type png)
 <use actor.png>
Package pdftex.def Info: actor.png used on input line 452.
(pdftex.def)             Requested size: 12.79776pt x 18.82025pt.
File: actor.png Graphic file (type png)
 <use actor.png>
Package pdftex.def Info: actor.png used on input line 454.
(pdftex.def)             Requested size: 12.79776pt x 18.82025pt.
File: sistema.png Graphic file (type png)
 <use sistema.png>
Package pdftex.def Info: sistema.png used on input line 456.
(pdftex.def)             Requested size: 27.10118pt x 19.57306pt.
File: actor.png Graphic file (type png)

<use actor.png>
Package pdftex.def Info: actor.png used on input line 458.
(pdftex.def)             Requested size: 12.79776pt x 18.82025pt.
File: actor.png Graphic file (type png)
 <use actor.png>
Package pdftex.def Info: actor.png used on input line 460.
(pdftex.def)             Requested size: 12.79776pt x 18.82025pt.
File: sistema.png Graphic file (type png)
 <use sistema.png>
Package pdftex.def Info: sistema.png used on input line 461.
(pdftex.def)             Requested size: 27.10118pt x 19.57306pt.
File: sistema.png Graphic file (type png)
 <use sistema.png>
Package pdftex.def Info: sistema.png used on input line 463.
(pdftex.def)             Requested size: 27.10118pt x 19.57306pt.

Overfull \hbox (43.93066pt too wide) in paragraph at lines 441--467
[][] 
 []

File: sistema.png Graphic file (type png)
<use sistema.png>
Package pdftex.def Info: sistema.png used on input line 472.
(pdftex.def)             Requested size: 27.10118pt x 19.57306pt.
 [10]
File: sistema.png Graphic file (type png)
 <use sistema.png>
Package pdftex.def Info: sistema.png used on input line 481.
(pdftex.def)             Requested size: 27.10118pt x 19.57306pt.
File: sistema.png Graphic file (type png)
 <use sistema.png>
Package pdftex.def Info: sistema.png used on input line 483.
(pdftex.def)             Requested size: 27.10118pt x 19.57306pt.
File: sistema.png Graphic file (type png)
 <use sistema.png>
Package pdftex.def Info: sistema.png used on input line 492.
(pdftex.def)             Requested size: 27.10118pt x 19.57306pt.
File: sistema.png Graphic file (type png)

<use sistema.png>
Package pdftex.def Info: sistema.png used on input line 493.
(pdftex.def)             Requested size: 27.10118pt x 19.57306pt.
File: sistema.png Graphic file (type png)
 <use sistema.png>
Package pdftex.def Info: sistema.png used on input line 502.
(pdftex.def)             Requested size: 27.10118pt x 19.57306pt.
File: sistema.png Graphic file (type png)
 <use sistema.png>
Package pdftex.def Info: sistema.png used on input line 503.
(pdftex.def)             Requested size: 27.10118pt x 19.57306pt.
 [11]
Underfull \hbox (badness 10000) in paragraph at lines 512--514

 []


Overfull \hbox (7.73965pt too wide) in paragraph at lines 517--549
 [][] 
 []

File: actor.png Graphic file (type png)
<use actor.png>
Package pdftex.def Info: actor.png used on input line 558.
(pdftex.def)             Requested size: 12.79776pt x 18.82025pt.
File: sistema.png Graphic file (type png)
 <use sistema.png>
Package pdftex.def Info: sistema.png used on input line 560.
(pdftex.def)             Requested size: 27.10118pt x 19.57306pt.
 [12]
Underfull \hbox (badness 10000) in paragraph at lines 569--571

 []


Underfull \hbox (badness 10000) in paragraph at lines 590--590

 []


Overfull \hbox (7.73965pt too wide) in paragraph at lines 574--616
 [][] 
 []

[13]
File: actor.png Graphic file (type png)
 <use actor.png>
Package pdftex.def Info: actor.png used on input line 626.
(pdftex.def)             Requested size: 12.79776pt x 18.82025pt.
File: sistema.png Graphic file (type png)
 <use sistema.png>
Package pdftex.def Info: sistema.png used on input line 627.
(pdftex.def)             Requested size: 27.10118pt x 19.57306pt.
File: actor.png Graphic file (type png)
 <use actor.png>
Package pdftex.def Info: actor.png used on input line 628.
(pdftex.def)             Requested size: 12.79776pt x 18.82025pt.
File: actor.png Graphic file (type png)
 <use actor.png>
Package pdftex.def Info: actor.png used on input line 630.
(pdftex.def)             Requested size: 12.79776pt x 18.82025pt.
File: actor.png Graphic file (type png)

<use actor.png>
Package pdftex.def Info: actor.png used on input line 631.
(pdftex.def)             Requested size: 12.79776pt x 18.82025pt.
File: actor.png Graphic file (type png)
 <use actor.png>
Package pdftex.def Info: actor.png used on input line 632.
(pdftex.def)             Requested size: 12.79776pt x 18.82025pt.
File: sistema.png Graphic file (type png)
 <use sistema.png>
Package pdftex.def Info: sistema.png used on input line 633.
(pdftex.def)             Requested size: 27.10118pt x 19.57306pt.
File: sistema.png Graphic file (type png)
 <use sistema.png>
Package pdftex.def Info: sistema.png used on input line 635.
(pdftex.def)             Requested size: 27.10118pt x 19.57306pt.

Overfull \hbox (55.20839pt too wide) in paragraph at lines 624--639
[][] 
 []

File: sistema.png Graphic file (type png)
<use sistema.png>
Package pdftex.def Info: sistema.png used on input line 644.
(pdftex.def)             Requested size: 27.10118pt x 19.57306pt.

Overfull \hbox (20.5972pt too wide) in paragraph at lines 640--647
[] 
 []

File: sistema.png Graphic file (type png)
<use sistema.png>
Package pdftex.def Info: sistema.png used on input line 652.
(pdftex.def)             Requested size: 27.10118pt x 19.57306pt.
File: sistema.png Graphic file (type png)
 <use sistema.png>
Package pdftex.def Info: sistema.png used on input line 653.
(pdftex.def)             Requested size: 27.10118pt x 19.57306pt.
File: sistema.png Graphic file (type png)
 <use sistema.png>
Package pdftex.def Info: sistema.png used on input line 662.
(pdftex.def)             Requested size: 27.10118pt x 19.57306pt.
File: sistema.png Graphic file (type png)
 <use sistema.png>
Package pdftex.def Info: sistema.png used on input line 663.
(pdftex.def)             Requested size: 27.10118pt x 19.57306pt.

[14]
Underfull \hbox (badness 10000) in paragraph at lines 672--674

 []


Overfull \hbox (7.73965pt too wide) in paragraph at lines 677--712
 [][] 
 []

File: actor.png Graphic file (type png)
<use actor.png>
Package pdftex.def Info: actor.png used on input line 722.
(pdftex.def)             Requested size: 12.79776pt x 18.82025pt.
File: sistema.png Graphic file (type png)
 <use sistema.png>
Package pdftex.def Info: sistema.png used on input line 723.
(pdftex.def)             Requested size: 27.10118pt x 19.57306pt.
File: actor.png Graphic file (type png)
 <use actor.png>
Package pdftex.def Info: actor.png used on input line 724.
(pdftex.def)             Requested size: 12.79776pt x 18.82025pt.
File: actor.png Graphic file (type png)
 <use actor.png>
Package pdftex.def Info: actor.png used on input line 726.
(pdftex.def)             Requested size: 12.79776pt x 18.82025pt.
File: sistema.png Graphic file (type png)

<use sistema.png>
Package pdftex.def Info: sistema.png used on input line 727.
(pdftex.def)             Requested size: 27.10118pt x 19.57306pt.
File: sistema.png Graphic file (type png)
 <use sistema.png>
Package pdftex.def Info: sistema.png used on input line 729.
(pdftex.def)             Requested size: 27.10118pt x 19.57306pt.

Overfull \hbox (26.40282pt too wide) in paragraph at lines 720--733
[][] 
 []

[15] [16]
File: sistema.png Graphic file (type png)
 <use sistema.png>
Package pdftex.def Info: sistema.png used on input line 738.
(pdftex.def)             Requested size: 27.10118pt x 19.57306pt.
File: sistema.png Graphic file (type png)
 <use sistema.png>
Package pdftex.def Info: sistema.png used on input line 746.
(pdftex.def)             Requested size: 27.10118pt x 19.57306pt.
File: sistema.png Graphic file (type png)
 <use sistema.png>
Package pdftex.def Info: sistema.png used on input line 748.
(pdftex.def)             Requested size: 27.10118pt x 19.57306pt.
File: sistema.png Graphic file (type png)

<use sistema.png>
Package pdftex.def Info: sistema.png used on input line 756.
(pdftex.def)             Requested size: 27.10118pt x 19.57306pt.
 [17]
("C:\Users\Miguel\ESCOM\6to Semestre\Ingenieria de Software\DocumentacionCU10y1
1\CU10y11\Corregido\DocumentacionProduccionCorregido[Miguel].aux")

LaTeX Warning: There were multiply-defined labels.

 ) 
Here is how much of TeX's memory you used:
 4279 strings out of 493921
 55629 string characters out of 3147330
 126634 words of memory out of 3000000
 7518 multiletter control sequences out of 15000+200000
 7550 words of font info for 29 fonts, out of 3000000 for 9000
 841 hyphenation exceptions out of 8191
 34i,13n,30p,374b,536s stack positions out of 5000i,500n,10000p,200000b,50000s
<C:/Program Files/MiKTeX 2.9/fonts/type1/public/amsfonts/cm/cmbx12.pfb><C:/Pr
ogram Files/MiKTeX 2.9/fonts/type1/public/amsfonts/cm/cmr10.pfb><C:/Program Fil
es/MiKTeX 2.9/fonts/type1/public/amsfonts/cm/cmsy10.pfb><C:/Program Files/MiKTe
X 2.9/fonts/type1/public/amsfonts/cm/cmti10.pfb><C:/Program Files/MiKTeX 2.9/fo
nts/type1/public/amsfonts/cm/cmti12.pfb>
Output written on DocumentacionProduccionCorregido[Miguel].pdf (17 pages, 97720
 bytes).
PDF statistics:
 79 PDF objects out of 1000 (max. 8388607)
 0 named destinations out of 1000 (max. 500000)
 11 words of extra memory for PDF output out of 10000 (max. 10000000)

